#
# There is insufficient memory for the Java Runtime Environment to continue.
# Native memory allocation (mmap) failed to map 264241152 bytes for G1 virtual space
# Possible reasons:
#   The system is out of physical RAM or swap space
#   The process is running with CompressedOops enabled, and the Java Heap may be blocking the growth of the native heap
# Possible solutions:
#   Reduce memory load on the system
#   Increase physical memory or swap space
#   Check if swap backing store is full
#   Decrease Java heap size (-Xmx/-Xms)
#   Decrease number of Java threads
#   Decrease Java thread stack sizes (-Xss)
#   Set larger code cache with -XX:ReservedCodeCacheSize=
#   JVM is running with Zero Based Compressed Oops mode in which the Java heap is
#     placed in the first 32GB address space. The Java Heap base address is the
#     maximum limit for the native heap growth. Please use -XX:HeapBaseMinAddress
#     to set the Java Heap base and to place the Java Heap above 32GB virtual address.
# This output file may be truncated or incomplete.
#
#  Out of Memory Error (os_windows.cpp:3548), pid=53484, tid=49512
#
# JRE version:  (17.0.11+7) (build )
# Java VM: Java HotSpot(TM) 64-Bit Server VM (17.0.11+7-LTS-207, mixed mode, sharing, tiered, compressed oops, compressed class ptrs, g1 gc, windows-amd64)
# No core dump will be written. Minidumps are not enabled by default on client versions of Windows
#

---------------  S U M M A R Y ------------

Command Line: -javaagent:C:\NIBM - EAD\IntelliJ IDEA Community Edition 2024.1.4\lib\idea_rt.jar=49867:C:\NIBM - EAD\IntelliJ IDEA Community Edition 2024.1.4\bin -Dfile.encoding=UTF-8 com.example.patient.PatientApplication

Host: 12th Gen Intel(R) Core(TM) i5-1235U, 12 cores, 15G,  Windows 11 , 64 bit Build 26100 (10.0.26100.7309)
Time: Mon Dec 29 03:16:58 2025 Sri Lanka Standard Time elapsed time: 0.021301 seconds (0d 0h 0m 0s)

---------------  T H R E A D  ---------------

Current thread (0x00000140b467bc10):  JavaThread "Unknown thread" [_thread_in_vm, id=49512, stack(0x00000022e9500000,0x00000022e9600000)]

Stack: [0x00000022e9500000,0x00000022e9600000]
Native frames: (J=compiled Java code, j=interpreted, Vv=VM code, C=native code)
V  [jvm.dll+0x679cca]
V  [jvm.dll+0x7da13d]
V  [jvm.dll+0x7dba83]
V  [jvm.dll+0x7dc0f3]
V  [jvm.dll+0x2449af]
V  [jvm.dll+0x676ce9]
V  [jvm.dll+0x66b852]
V  [jvm.dll+0x3018d6]
V  [jvm.dll+0x308e76]
V  [jvm.dll+0x3596ee]
V  [jvm.dll+0x35991f]
V  [jvm.dll+0x2d89a8]
V  [jvm.dll+0x2d9914]
V  [jvm.dll+0x7ac6b1]
V  [jvm.dll+0x366f61]
V  [jvm.dll+0x78b609]
V  [jvm.dll+0x3ec22f]
V  [jvm.dll+0x3ede61]
C  [jli.dll+0x5297]
C  [ucrtbase.dll+0x37b0]
C  [KERNEL32.DLL+0x2e8d7]
C  [ntdll.dll+0x8c53c]


---------------  P R O C E S S  ---------------

Threads class SMR info:
_java_thread_list=0x00007ffb20307a18, length=0, elements={
}

Java Threads: ( => current thread )

Other Threads:
  0x00000140b46e7c80 GCTaskThread "GC Thread#0" [stack: 0x00000022e9600000,0x00000022e9700000] [id=53960]
  0x00000140b46f95f0 ConcurrentGCThread "G1 Main Marker" [stack: 0x00000022e9700000,0x00000022e9800000] [id=54088]
  0x00000140b46faf20 ConcurrentGCThread "G1 Conc#0" [stack: 0x00000022e9800000,0x00000022e9900000] [id=53364]

[error occurred during error reporting (printing all threads), id 0xc0000005, EXCEPTION_ACCESS_VIOLATION (0xc0000005) at pc=0x00007ffb1fb39497]

VM state: not at safepoint (not fully initialized)

VM Mutex/Monitor currently owned by a thread:  ([mutex/lock_event])
[0x00000140b4678e00] Heap_lock - owner thread: 0x00000140b467bc10

Heap address: 0x0000000705000000, size: 4016 MB, Compressed Oops mode: Zero based, Oop shift amount: 3

CDS archive(s) mapped at: [0x0000000000000000-0x0000000000000000-0x0000000000000000), size 0, SharedBaseAddress: 0x0000000800000000, ArchiveRelocationMode: 1.
Narrow klass base: 0x0000000000000000, Narrow klass shift: 0, Narrow klass range: 0x0

GC Precious Log:
<Empty>

Heap:
 garbage-first heap   total 0K, used 0K [0x0000000705000000, 0x0000000800000000)
  region size 2048K, 0 young (0K), 0 survivors (0K)

[error occurred during error reporting (printing heap information), id 0xc0000005, EXCEPTION_ACCESS_VIOLATION (0xc0000005) at pc=0x00007ffb1ff23559]

GC Heap History (0 events):
No events

Deoptimization events (0 events):
No events

Classes unloaded (0 events):
No events

Classes redefined (0 events):
No events

Internal exceptions (0 events):
No events

VM Operations (0 events):
No events

Events (1 events):
Event: 0.010 Loaded shared library C:\NIBM - EAD\jdk-17.0.11\bin\java.dll


Dynamic libraries:
0x00007ff789bc0000 - 0x00007ff789bd0000 	C:\NIBM - EAD\jdk-17.0.11\bin\java.exe
0x00007ffc1c020000 - 0x00007ffc1c287000 	C:\WINDOWS\SYSTEM32\ntdll.dll
0x00007ffc1b140000 - 0x00007ffc1b209000 	C:\WINDOWS\System32\KERNEL32.DLL
0x00007ffc19570000 - 0x00007ffc1995f000 	C:\WINDOWS\System32\KERNELBASE.dll
0x00007ffc19220000 - 0x00007ffc1936b000 	C:\WINDOWS\System32\ucrtbase.dll
0x00007ffbbfdd0000 - 0x00007ffbbfde9000 	C:\NIBM - EAD\jdk-17.0.11\bin\jli.dll
0x00007ffc1a8d0000 - 0x00007ffc1a984000 	C:\WINDOWS\System32\ADVAPI32.dll
0x00007ffbf4510000 - 0x00007ffbf452b000 	C:\NIBM - EAD\jdk-17.0.11\bin\VCRUNTIME140.dll
0x00007ffc1bea0000 - 0x00007ffc1bf49000 	C:\WINDOWS\System32\msvcrt.dll
0x00007ffc1ab80000 - 0x00007ffc1ac26000 	C:\WINDOWS\System32\sechost.dll
0x00007ffc1a2e0000 - 0x00007ffc1a3f8000 	C:\WINDOWS\System32\RPCRT4.dll
0x00007ffc1a410000 - 0x00007ffc1a5d5000 	C:\WINDOWS\System32\USER32.dll
0x00007ffc19af0000 - 0x00007ffc19b17000 	C:\WINDOWS\System32\win32u.dll
0x00007ffc1bfb0000 - 0x00007ffc1bfdb000 	C:\WINDOWS\System32\GDI32.dll
0x00007ffbf4ff0000 - 0x00007ffbf5283000 	C:\WINDOWS\WinSxS\amd64_microsoft.windows.common-controls_6595b64144ccf1df_6.0.26100.7309_none_3e05feeae336a044\COMCTL32.dll
0x00007ffc19b20000 - 0x00007ffc19c4c000 	C:\WINDOWS\System32\gdi32full.dll
0x00007ffc19170000 - 0x00007ffc19213000 	C:\WINDOWS\System32\msvcp_win.dll
0x00007ffc072e0000 - 0x00007ffc072eb000 	C:\WINDOWS\SYSTEM32\VERSION.dll
0x00007ffc1be40000 - 0x00007ffc1be71000 	C:\WINDOWS\System32\IMM32.DLL
0x00007ffbf4480000 - 0x00007ffbf448c000 	C:\NIBM - EAD\jdk-17.0.11\bin\vcruntime140_1.dll
0x00007ffb6f870000 - 0x00007ffb6f8fe000 	C:\NIBM - EAD\jdk-17.0.11\bin\msvcp140.dll
0x00007ffb1f850000 - 0x00007ffb20430000 	C:\NIBM - EAD\jdk-17.0.11\bin\server\jvm.dll
0x00007ffc1bb90000 - 0x00007ffc1bb98000 	C:\WINDOWS\System32\PSAPI.DLL
0x00007ffc108b0000 - 0x00007ffc108e5000 	C:\WINDOWS\SYSTEM32\WINMM.dll
0x00007ffbef2b0000 - 0x00007ffbef2ba000 	C:\WINDOWS\SYSTEM32\WSOCK32.dll
0x00007ffc1a5e0000 - 0x00007ffc1a654000 	C:\WINDOWS\System32\WS2_32.dll
0x00007ffc17f20000 - 0x00007ffc17f3b000 	C:\WINDOWS\SYSTEM32\kernel.appcore.dll
0x00007ffbda990000 - 0x00007ffbda99a000 	C:\NIBM - EAD\jdk-17.0.11\bin\jimage.dll
0x00007ffc16760000 - 0x00007ffc169a2000 	C:\WINDOWS\SYSTEM32\DBGHELP.DLL
0x00007ffc1adb0000 - 0x00007ffc1b135000 	C:\WINDOWS\System32\combase.dll
0x00007ffc1bd60000 - 0x00007ffc1be36000 	C:\WINDOWS\System32\OLEAUT32.dll
0x00007ffbf2ce0000 - 0x00007ffbf2d1c000 	C:\WINDOWS\SYSTEM32\dbgcore.DLL
0x00007ffc19400000 - 0x00007ffc194a5000 	C:\WINDOWS\System32\bcryptPrimitives.dll
0x00007ffbd9240000 - 0x00007ffbd924e000 	C:\NIBM - EAD\jdk-17.0.11\bin\instrument.dll
0x00007ffb78000000 - 0x00007ffb78025000 	C:\NIBM - EAD\jdk-17.0.11\bin\java.dll

dbghelp: loaded successfully - version: 4.0.5 - missing functions: none
symbol engine: initialized successfully - sym options: 0x614 - pdb path: .;C:\NIBM - EAD\jdk-17.0.11\bin;C:\WINDOWS\SYSTEM32;C:\WINDOWS\WinSxS\amd64_microsoft.windows.common-controls_6595b64144ccf1df_6.0.26100.7309_none_3e05feeae336a044;C:\NIBM - EAD\jdk-17.0.11\bin\server

VM Arguments:
jvm_args: -javaagent:C:\NIBM - EAD\IntelliJ IDEA Community Edition 2024.1.4\lib\idea_rt.jar=49867:C:\NIBM - EAD\IntelliJ IDEA Community Edition 2024.1.4\bin -Dfile.encoding=UTF-8 
java_command: com.example.patient.PatientApplication
java_class_path (initial): C:\DDrive\Mind-Help_final\Mind-Help-App-Patient-Service\patient-service\target\classes;C:\Users\Sahas Suraweers\.m2\repository\org\springframework\boot\spring-boot-starter-data-jpa\3.5.3\spring-boot-starter-data-jpa-3.5.3.jar;C:\Users\Sahas Suraweers\.m2\repository\org\springframework\boot\spring-boot-starter\3.5.3\spring-boot-starter-3.5.3.jar;C:\Users\Sahas Suraweers\.m2\repository\org\springframework\boot\spring-boot\3.5.3\spring-boot-3.5.3.jar;C:\Users\Sahas Suraweers\.m2\repository\org\springframework\boot\spring-boot-autoconfigure\3.5.3\spring-boot-autoconfigure-3.5.3.jar;C:\Users\Sahas Suraweers\.m2\repository\org\springframework\boot\spring-boot-starter-logging\3.5.3\spring-boot-starter-logging-3.5.3.jar;C:\Users\Sahas Suraweers\.m2\repository\ch\qos\logback\logback-classic\1.5.18\logback-classic-1.5.18.jar;C:\Users\Sahas Suraweers\.m2\repository\ch\qos\logback\logback-core\1.5.18\logback-core-1.5.18.jar;C:\Users\Sahas Suraweers\.m2\repository\org\apache\logging\log4j\log4j-to-slf4j\2.24.3\log4j-to-slf4j-2.24.3.jar;C:\Users\Sahas Suraweers\.m2\repository\org\apache\logging\log4j\log4j-api\2.24.3\log4j-api-2.24.3.jar;C:\Users\Sahas Suraweers\.m2\repository\org\slf4j\jul-to-slf4j\2.0.17\jul-to-slf4j-2.0.17.jar;C:\Users\Sahas Suraweers\.m2\repository\jakarta\annotation\jakarta.annotation-api\2.1.1\jakarta.annotation-api-2.1.1.jar;C:\Users\Sahas Suraweers\.m2\repository\org\yaml\snakeyaml\2.4\snakeyaml-2.4.jar;C:\Users\Sahas Suraweers\.m2\repository\org\springframework\boot\spring-boot-starter-jdbc\3.5.3\spring-boot-starter-jdbc-3.5.3.jar;C:\Users\Sahas Suraweers\.m2\repository\com\zaxxer\HikariCP\6.3.0\HikariCP-6.3.0.jar;C:\Users\Sahas Suraweers\.m2\repository\org\springframework\spring-jdbc\6.2.8\spring-jdbc-6.2.8.jar;C:\Users\Sahas Suraweers\.m2\repository\org\hibernate\orm\hibernate-core\6.6.18.Final\hibernate-core-6.6.18.Final.jar;C:\Users\Sahas Suraweers\.m2\repository\jakarta\persistence\jakarta.persistence-api\3.1.0\jakarta.p
Launcher Type: SUN_STANDARD

[Global flags]
     intx CICompilerCount                          = 4                                         {product} {ergonomic}
     uint ConcGCThreads                            = 3                                         {product} {ergonomic}
     uint G1ConcRefinementThreads                  = 10                                        {product} {ergonomic}
   size_t G1HeapRegionSize                         = 2097152                                   {product} {ergonomic}
    uintx GCDrainStackTargetSize                   = 64                                        {product} {ergonomic}
   size_t InitialHeapSize                          = 264241152                                 {product} {ergonomic}
   size_t MarkStackSize                            = 4194304                                   {product} {ergonomic}
   size_t MaxHeapSize                              = 4211081216                                {product} {ergonomic}
   size_t MinHeapDeltaBytes                        = 2097152                                   {product} {ergonomic}
   size_t MinHeapSize                              = 8388608                                   {product} {ergonomic}
    uintx NonNMethodCodeHeapSize                   = 5839372                                {pd product} {ergonomic}
    uintx NonProfiledCodeHeapSize                  = 122909434                              {pd product} {ergonomic}
    uintx ProfiledCodeHeapSize                     = 122909434                              {pd product} {ergonomic}
    uintx ReservedCodeCacheSize                    = 251658240                              {pd product} {ergonomic}
     bool SegmentedCodeCache                       = true                                      {product} {ergonomic}
   size_t SoftMaxHeapSize                          = 4211081216                             {manageable} {ergonomic}
     bool UseCompressedClassPointers               = true                           {product lp64_product} {ergonomic}
     bool UseCompressedOops                        = true                           {product lp64_product} {ergonomic}
     bool UseG1GC                                  = true                                      {product} {ergonomic}
     bool UseLargePagesIndividualAllocation        = false                                  {pd product} {ergonomic}

Logging:
Log output configuration:
 #0: stdout all=warning uptime,level,tags
 #1: stderr all=off uptime,level,tags

Environment Variables:
JAVA_HOME=C:\NIBM - EAD\jdk-17.0.11
PATH=C:\Program Files (x86)\Common Files\Oracle\Java\java8path;C:\Program Files (x86)\Common Files\Oracle\Java\javapath;C:\Oracle\dbhomeXE\bin;C:\Python313\Scripts\;C:\Python313\;C:\Program Files\Microsoft MPI\Bin\;C:\WINDOWS\system32;C:\WINDOWS;C:\WINDOWS\System32\Wbem;C:\WINDOWS\System32\WindowsPowerShell\v1.0\;C:\WINDOWS\System32\OpenSSH\;C:\Program Files\PuTTY\;C:\Program Files\CodeBlocks\MinGW\bin;C:\Program Files\Amazon\AWSCLIV2\;C:\Program Files\HP\HP One Agent;C:\Program Files (x86)\Microsoft SQL Server\160\Tools\Binn\;C:\Program Files\Microsoft SQL Server\160\Tools\Binn\;C:\Program Files\Microsoft SQL Server\Client SDK\ODBC\170\Tools\Binn\;C:\Program Files\Microsoft SQL Server\160\DTS\Binn\;C:\Program Files (x86)\Microsoft SQL Server\160\DTS\Binn\;C:\xampp\php;C:\ProgramData\ComposerSetup\bin;C:\Program Files\nodejs\;C:\ProgramData\chocolatey\bin;C:\WINDOWS\system32;C:\WINDOWS;C:\WINDOWS\System32\Wbem;C:\WINDOWS\System32\WindowsPowerShell\v1.0\;C:\WINDOWS\System32\OpenSSH\;C:\NIBM - EAD\jdk-17.0.11\bin;C:\NIBM - EAD\apache-maven-3.9.9\bin;C:\NIBM - EAD\apache-tomcat-9.0.105\bin;C:\Program Files\MySQL1\MySQL Server 8.0\bin;C:\NIBM - EAD\mysql-9.2.0-winx64\bin;C:\Program Files\MySQL\MySQL Router 8.0\bin;C:\Program Files\Git\cmd;C:\Program Files (x86)\JasperStarter\bin;C:\Program Files\MySQL\MySQL Shell 8.0\bin\;C:\Users\Sahas Suraweers\AppData\Local\Microsoft\WindowsApps;C:\Program Files\CodeBlocks\MinGW\bin;C:\Users\Sahas Suraweers\AppData\Local\GitHubDesktop\bin;C:\Users\Sahas Suraweers\AppData\Local\Programs\Microsoft VS Code\bin;C:\Users\Sahas Suraweers\AppData\Roaming\Composer\vendor\bin;C:\Users\Sahas Suraweers\AppData\Roaming\npm;C:\Users\Sahas Suraweers\AppData\Local\Programs\mongosh\
USERNAME=Sahas Suraweers
OS=Windows_NT
PROCESSOR_IDENTIFIER=Intel64 Family 6 Model 154 Stepping 4, GenuineIntel



---------------  S Y S T E M  ---------------

OS:
 Windows 11 , 64 bit Build 26100 (10.0.26100.7309)
OS uptime: 0 days 16:15 hours
Hyper-V role detected

CPU: total 12 (initial active 12) (6 cores per cpu, 2 threads per core) family 6 model 154 stepping 4 microcode 0x437, cx8, cmov, fxsr, ht, mmx, 3dnowpref, sse, sse2, sse3, ssse3, sse4.1, sse4.2, popcnt, lzcnt, tsc, tscinvbit, avx, avx2, aes, erms, clmul, bmi1, bmi2, adx, sha, fma, vzeroupper, clflush, clflushopt, clwb, hv

Memory: 4k page, system-wide physical 16057M (2640M free)
TotalPageFile size 34291M (AvailPageFile size 125M)
current process WorkingSet (physical memory assigned to process): 12M, peak: 12M
current process commit charge ("private bytes"): 64M, peak: 316M

vm_info: Java HotSpot(TM) 64-Bit Server VM (17.0.11+7-LTS-207) for windows-amd64 JRE (17.0.11+7-LTS-207), built on Mar 11 2024 19:01:50 by "mach5one" with MS VC++ 17.6 (VS2022)

END.
